<?xml version="1.0" encoding="UTF-8"?>
<!-- Generated by org.testng.reporters.JUnitReportReporter -->
<testsuite skipped="0" hostname="user-PC" name="org.leveredgeTestCases.HomePageTest" tests="4" failures="0" timestamp="04 Jul 2019 07:43:38 GMT" time="10.943" errors="0">
  <testcase name="initialize" time="5.628" classname="org.leveredgeTestCases.HomePageTest"/>
  <testcase name="verifyWelcomeScreen" time="3.051" classname="org.leveredgeTestCases.HomePageTest"/>
  <testcase name="verifyConfirmScreen" time="0.216" classname="org.leveredgeTestCases.HomePageTest"/>
  <testcase name="verifyBillingTab" time="2.048" classname="org.leveredgeTestCases.HomePageTest"/>
</testsuite> <!-- org.leveredgeTestCases.HomePageTest -->
