<?xml version="1.0" encoding="UTF-8"?>
<!-- Generated by org.testng.reporters.JUnitReportReporter -->
<testsuite skipped="0" hostname="user-PC" name="org.leveredgeTestCases.LoginPageTest" tests="1" failures="0" timestamp="02 Jul 2019 06:11:53 GMT" time="0.033" errors="0">
  <testcase name="loginPage" time="0.033" classname="org.leveredgeTestCases.LoginPageTest"/>
</testsuite> <!-- org.leveredgeTestCases.LoginPageTest -->
